\BOOKMARK [0][-]{chapter*.2}{LIST OF TABLES}{}% 1
\BOOKMARK [0][-]{chapter*.3}{LIST OF FIGURES}{}% 2
\BOOKMARK [0][-]{chapter.1}{Introduction}{}% 3
\BOOKMARK [1][-]{section.1.1}{Motivation}{chapter.1}% 4
\BOOKMARK [1][-]{section.1.2}{Our Contribution}{chapter.1}% 5
\BOOKMARK [0][-]{chapter.2}{Background}{}% 6
\BOOKMARK [1][-]{section.2.1}{Asynchronous Javascript}{chapter.2}% 7
\BOOKMARK [2][-]{subsection.2.1.1}{Promise API}{section.2.1}% 8
\BOOKMARK [2][-]{subsection.2.1.2}{Aysnc Await}{section.2.1}% 9
\BOOKMARK [1][-]{section.2.2}{Binary Data in Javascript}{chapter.2}% 10
\BOOKMARK [1][-]{section.2.3}{Web Crypto API}{chapter.2}% 11
\BOOKMARK [1][-]{section.2.4}{Typescript}{chapter.2}% 12
\BOOKMARK [1][-]{section.2.5}{Websockets}{chapter.2}% 13
\BOOKMARK [1][-]{section.2.6}{Flask}{chapter.2}% 14
\BOOKMARK [1][-]{section.2.7}{Json Web Tokens}{chapter.2}% 15
\BOOKMARK [1][-]{section.2.8}{Off the Record Messaging}{chapter.2}% 16
\BOOKMARK [2][-]{subsection.2.8.1}{Encrypted Messaging Properties}{section.2.8}% 17
\BOOKMARK [2][-]{subsection.2.8.2}{Protocol}{section.2.8}% 18
\BOOKMARK [1][-]{section.2.9}{Trust Model}{chapter.2}% 19
\BOOKMARK [0][-]{chapter.3}{Related Work}{}% 20
\BOOKMARK [1][-]{section.3.1}{Signal Protocol}{chapter.3}% 21
\BOOKMARK [1][-]{section.3.2}{Allo Google Chat}{chapter.3}% 22
\BOOKMARK [1][-]{section.3.3}{SJCL}{chapter.3}% 23
\BOOKMARK [0][-]{chapter.4}{Implementation}{}% 24
\BOOKMARK [1][-]{section.4.1}{Application Server}{chapter.4}% 25
\BOOKMARK [2][-]{subsection.4.1.1}{/api/login}{section.4.1}% 26
\BOOKMARK [3][-]{subsubsection.4.1.1.1}{Success Flow}{subsection.4.1.1}% 27
\BOOKMARK [3][-]{subsubsection.4.1.1.2}{Error conditions}{subsection.4.1.1}% 28
\BOOKMARK [2][-]{subsection.4.1.2}{/api/signup}{section.4.1}% 29
\BOOKMARK [3][-]{subsubsection.4.1.2.1}{Success Flow}{subsection.4.1.2}% 30
\BOOKMARK [3][-]{subsubsection.4.1.2.2}{Error conditions}{subsection.4.1.2}% 31
\BOOKMARK [2][-]{subsection.4.1.3}{/socket}{section.4.1}% 32
\BOOKMARK [3][-]{subsubsection.4.1.3.1}{Success Flows}{subsection.4.1.3}% 33
\BOOKMARK [3][-]{subsubsection.4.1.3.2}{Error conditions}{subsection.4.1.3}% 34
\BOOKMARK [2][-]{subsection.4.1.4}{Database}{section.4.1}% 35
\BOOKMARK [2][-]{subsection.4.1.5}{Hash Function}{section.4.1}% 36
\BOOKMARK [2][-]{subsection.4.1.6}{JWT Implementation}{section.4.1}% 37
\BOOKMARK [3][-]{subsubsection.4.1.6.1}{Encode}{subsection.4.1.6}% 38
\BOOKMARK [3][-]{subsubsection.4.1.6.2}{Decode}{subsection.4.1.6}% 39
\BOOKMARK [1][-]{section.4.2}{Application Client}{chapter.4}% 40
\BOOKMARK [1][-]{section.4.3}{OTR}{chapter.4}% 41
\BOOKMARK [2][-]{subsection.4.3.1}{Authenticated Key Exchange State 1}{section.4.3}% 42
\BOOKMARK [2][-]{subsection.4.3.2}{Authenticated Key Exchange State 2}{section.4.3}% 43
\BOOKMARK [2][-]{subsection.4.3.3}{Authenticated Key Exchange State 3}{section.4.3}% 44
\BOOKMARK [2][-]{subsection.4.3.4}{Authenticated Key Exchange State 4}{section.4.3}% 45
\BOOKMARK [2][-]{subsection.4.3.5}{Authenticated Key Exchange State 5}{section.4.3}% 46
\BOOKMARK [2][-]{subsection.4.3.6}{Exchange Data State 1}{section.4.3}% 47
\BOOKMARK [2][-]{subsection.4.3.7}{Exchange Data State 2}{section.4.3}% 48
\BOOKMARK [2][-]{subsection.4.3.8}{OTR Class}{section.4.3}% 49
\BOOKMARK [3][-]{subsubsection.4.3.8.1}{Send}{subsection.4.3.8}% 50
\BOOKMARK [3][-]{subsubsection.4.3.8.2}{Receive}{subsection.4.3.8}% 51
\BOOKMARK [2][-]{subsection.4.3.9}{Key Management}{section.4.3}% 52
\BOOKMARK [1][-]{section.4.4}{JWCL}{chapter.4}% 53
\BOOKMARK [2][-]{subsection.4.4.1}{jwcl.utils}{section.4.4}% 54
\BOOKMARK [2][-]{subsection.4.4.2}{jwcl.random\(\)}{section.4.4}% 55
\BOOKMARK [2][-]{subsection.4.4.3}{jwcl.hash}{section.4.4}% 56
\BOOKMARK [2][-]{subsection.4.4.4}{jwcl.cipher}{section.4.4}% 57
\BOOKMARK [2][-]{subsection.4.4.5}{jwcl.ecc}{section.4.4}% 58
\BOOKMARK [2][-]{subsection.4.4.6}{Impact}{section.4.4}% 59
\BOOKMARK [0][-]{chapter.5}{Validation}{}% 60
\BOOKMARK [1][-]{section.5.1}{Automated Tests}{chapter.5}% 61
\BOOKMARK [2][-]{subsection.5.1.1}{Server Tests}{section.5.1}% 62
\BOOKMARK [3][-]{subsubsection.5.1.1.1}{/api/signup}{subsection.5.1.1}% 63
\BOOKMARK [3][-]{subsubsection.5.1.1.2}{/api/login}{subsection.5.1.1}% 64
\BOOKMARK [2][-]{subsection.5.1.2}{Application Tests}{section.5.1}% 65
\BOOKMARK [2][-]{subsection.5.1.3}{OTR Tests}{section.5.1}% 66
\BOOKMARK [3][-]{subsubsection.5.1.3.1}{Implementation Tests}{subsection.5.1.3}% 67
\BOOKMARK [3][-]{subsubsection.5.1.3.2}{API Tests}{subsection.5.1.3}% 68
\BOOKMARK [2][-]{subsection.5.1.4}{JWCL Tests}{section.5.1}% 69
\BOOKMARK [1][-]{section.5.2}{Manual Tests}{chapter.5}% 70
\BOOKMARK [2][-]{subsection.5.2.1}{Scenario 1}{section.5.2}% 71
\BOOKMARK [2][-]{subsection.5.2.2}{Scenario 2}{section.5.2}% 72
\BOOKMARK [2][-]{subsection.5.2.3}{Scenario 3}{section.5.2}% 73
\BOOKMARK [0][-]{chapter.6}{Future Work}{}% 74
\BOOKMARK [1][-]{section.6.1}{Server}{chapter.6}% 75
\BOOKMARK [2][-]{subsection.6.1.1}{Persistent Data Store}{section.6.1}% 76
\BOOKMARK [2][-]{subsection.6.1.2}{HTTPS Support}{section.6.1}% 77
\BOOKMARK [2][-]{subsection.6.1.3}{Service Oriented Architecture}{section.6.1}% 78
\BOOKMARK [1][-]{section.6.2}{Application}{chapter.6}% 79
\BOOKMARK [1][-]{section.6.3}{OTR}{chapter.6}% 80
\BOOKMARK [2][-]{subsection.6.3.1}{Differences from OTR Protocol}{section.6.3}% 81
\BOOKMARK [2][-]{subsection.6.3.2}{Socialist Millionaires Protocol}{section.6.3}% 82
\BOOKMARK [1][-]{section.6.4}{JWCL}{chapter.6}% 83
\BOOKMARK [2][-]{subsection.6.4.1}{Binary Data}{section.6.4}% 84
\BOOKMARK [2][-]{subsection.6.4.2}{Secure Defaults}{section.6.4}% 85
\BOOKMARK [2][-]{subsection.6.4.3}{Class Based Interface}{section.6.4}% 86
\BOOKMARK [2][-]{subsection.6.4.4}{Typescript Issues}{section.6.4}% 87
\BOOKMARK [0][-]{chapter.7}{Conclusion}{}% 88
\BOOKMARK [1][-]{section.7.1}{Evaluation}{chapter.7}% 89
\BOOKMARK [1][-]{section.7.2}{Discussion}{chapter.7}% 90
\BOOKMARK [0][-]{chapter*.13}{BIBLIOGRAPHY}{}% 91
